android/app/build/outputs/logs/manifest-merger-debug-report.txt
-- Merging decision tree log ---
manifest
ADDED from src\main\AndroidManifest.xml:1:1-46:12
INJECTED from src\main\AndroidManifest.xml:1:1-46:12
INJECTED from src\main\AndroidManifest.xml:1:1-46:12
INJECTED from src\main\AndroidManifest.xml:1:1-46:12
MERGED from src\main\AndroidManifest.xml:1:1-46:12
MERGED from [:device_info_plus] AndroidManifest.xml:2:1-7:12
MERGED from [:sqflite] AndroidManifest.xml:2:1-7:12
MERGED from [:camera] AndroidManifest.xml:2:1-10:12
MERGED from [:image_picker] AndroidManifest.xml:2:1-19:12
MERGED from [:flutter_plugin_android_lifecycle] AndroidManifest.xml:2:1-7:12
MERGED from [:qr_code_scanner] AndroidManifest.xml:2:1-10:12
MERGED from [:android_alarm_manager_plus] AndroidManifest.xml:2:1-7:12
MERGED from [:url_launcher] AndroidManifest.xml:2:1-14:12
MERGED from [:flutter_local_notifications] AndroidManifest.xml:2:1-28:12
MERGED from [:image_cropper] AndroidManifest.xml:2:1-7:12
MERGED from [:connectivity] AndroidManifest.xml:2:1-9:12
MERGED from [:permission_handler] AndroidManifest.xml:2:1-7:12
MERGED from [:shared_preferences] AndroidManifest.xml:2:1-7:12
MERGED from [:uni_links] AndroidManifest.xml:2:1-7:12
MERGED from [:path_provider_android] AndroidManifest.xml:2:1-7:12
MERGED from [androidx.databinding:viewbinding:4.2.0] AndroidManifest.xml:17:1-22:12
MERGED from [com.github.yalantis:ucrop:2.2.7] AndroidManifest.xml:2:1-11:12
MERGED from [androidx.appcompat:appcompat:1.3.1] AndroidManifest.xml:17:1-24:12
MERGED from [androidx.media:media:1.1.0] AndroidManifest.xml:17:1-24:12
MERGED from [androidx.fragment:fragment:1.3.6] AndroidManifest.xml:17:1-24:12
MERGED from [androidx.activity:activity:1.2.4] AndroidManifest.xml:17:1-24:12
MERGED from [androidx.appcompat:appcompat-resources:1.3.1] AndroidManifest.xml:17:1-24:12
MERGED from [androidx.drawerlayout:drawerlayout:1.0.0] AndroidManifest.xml:17:1-22:12
MERGED from [androidx.transition:transition:1.4.1] AndroidManifest.xml:17:1-24:12
MERGED from [androidx.viewpager:viewpager:1.0.0] AndroidManifest.xml:17:1-22:12
MERGED from [androidx.loader:loader:1.0.0] AndroidManifest.xml:17:1-22:12
MERGED from [androidx.vectordrawable:vectordrawable-animated:1.1.0] AndroidManifest.xml:17:1-24:12
MERGED from [androidx.vectordrawable:vectordrawable:1.1.0] AndroidManifest.xml:17:1-24:12
MERGED from [androidx.customview:customview:1.0.0] AndroidManifest.xml:17:1-22:12
MERGED from [androidx.core:core:1.6.0] AndroidManifest.xml:17:1-26:12
MERGED from [androidx.lifecycle:lifecycle-runtime:2.3.1] AndroidManifest.xml:17:1-24:12
MERGED from [androidx.cursoradapter:cursoradapter:1.0.0] AndroidManifest.xml:17:1-22:12
MERGED from [androidx.lifecycle:lifecycle-viewmodel-savedstate:2.3.1] AndroidManifest.xml:17:1-24:12
MERGED from [androidx.savedstate:savedstate:1.1.0] AndroidManifest.xml:17:1-24:12
MERGED from [androidx.lifecycle:lifecycle-viewmodel:2.3.1] AndroidManifest.xml:17:1-24:12
MERGED from [androidx.versionedparcelable:versionedparcelable:1.1.1] AndroidManifest.xml:17:1-27:12
MERGED from [androidx.exifinterface:exifinterface:1.3.2] AndroidManifest.xml:17:1-24:12
MERGED from [androidx.lifecycle:lifecycle-livedata:2.0.0] AndroidManifest.xml:17:1-22:12
MERGED from [androidx.lifecycle:lifecycle-livedata-core:2.3.1] AndroidManifest.xml:17:1-24:12
MERGED from [androidx.arch.core:core-runtime:2.1.0] AndroidManifest.xml:17:1-24:12
MERGED from [androidx.tracing:tracing:1.0.0] AndroidManifest.xml:17:1-24:12
MERGED from [androidx.interpolator:interpolator:1.0.0] AndroidManifest.xml:17:1-22:12
MERGED from [com.journeyapps:zxing-android-embedded:4.1.0] AndroidManifest.xml:17:1-56:12
MERGED from [com.jakewharton.threetenabp:threetenabp:1.2.3] AndroidManifest.xml:2:1-9:12
MERGED from [androidx.annotation:annotation-experimental:1.1.0] AndroidManifest.xml:17:1-24:12
INJECTED from src\debug\AndroidManifest.xml:1:1-7:12
INJECTED from src\debug\AndroidManifest.xml:1:1-7:12
INJECTED from src\debug\AndroidManifest.xml:1:1-7:12
	package
		ADDED from src\main\AndroidManifest.xml:2:5-50
		INJECTED from src\main\AndroidManifest.xml
		INJECTED from src\debug\AndroidManifest.xml
	android:versionName
		INJECTED from src\main\AndroidManifest.xml
		ADDED from src\main\AndroidManifest.xml:1:1-46:12
		INJECTED from src\debug\AndroidManifest.xml
	android:versionCode
		INJECTED from src\main\AndroidManifest.xml
		ADDED from src\main\AndroidManifest.xml:1:1-46:12
		INJECTED from src\debug\AndroidManifest.xml
	xmlns:android
		ADDED from src\main\AndroidManifest.xml:1:11-69
application
ADDED from src\main\AndroidManifest.xml:3:4-44:19
MERGED from [:image_picker] AndroidManifest.xml:7:5-17:19
MERGED from [:image_picker] AndroidManifest.xml:7:5-17:19
MERGED from [:url_launcher] AndroidManifest.xml:7:5-12:19
MERGED from [:url_launcher] AndroidManifest.xml:7:5-12:19
MERGED from [:flutter_local_notifications] AndroidManifest.xml:12:5-26:19
MERGED from [:flutter_local_notifications] AndroidManifest.xml:12:5-26:19
MERGED from [androidx.core:core:1.6.0] AndroidManifest.xml:24:5-89
MERGED from [androidx.core:core:1.6.0] AndroidManifest.xml:24:5-89
MERGED from [androidx.versionedparcelable:versionedparcelable:1.1.1] AndroidManifest.xml:24:5-25:19
MERGED from [androidx.versionedparcelable:versionedparcelable:1.1.1] AndroidManifest.xml:24:5-25:19
MERGED from [com.journeyapps:zxing-android-embedded:4.1.0] AndroidManifest.xml:46:5-54:19
MERGED from [com.journeyapps:zxing-android-embedded:4.1.0] AndroidManifest.xml:46:5-54:19
MERGED from [com.jakewharton.threetenabp:threetenabp:1.2.3] AndroidManifest.xml:7:5-20
MERGED from [com.jakewharton.threetenabp:threetenabp:1.2.3] AndroidManifest.xml:7:5-20
	android:appComponentFactory
		ADDED from [androidx.core:core:1.6.0] AndroidManifest.xml:24:18-86
	android:label
		ADDED from src\main\AndroidManifest.xml:4:9-43
	android:icon
		ADDED from src\main\AndroidManifest.xml:5:9-43
activity#com.youssefahmed.strykepay_merchant.MainActivity
ADDED from src\main\AndroidManifest.xml:6:9-34:20
	android:launchMode
		ADDED from src\main\AndroidManifest.xml:8:13-43
	android:hardwareAccelerated
		ADDED from src\main\AndroidManifest.xml:11:13-47
	android:windowSoftInputMode
		ADDED from src\main\AndroidManifest.xml:12:13-55
	android:configChanges
		ADDED from src\main\AndroidManifest.xml:10:13-163
	android:theme
		ADDED from src\main\AndroidManifest.xml:9:13-47
	android:name
		ADDED from src\main\AndroidManifest.xml:7:13-41
meta-data#flutter_deeplinking_enabled
ADDED from src\main\AndroidManifest.xml:18:13-90
	android:value
		ADDED from src\main\AndroidManifest.xml:18:67-87
	android:name
		ADDED from src\main\AndroidManifest.xml:18:24-66
intent-filter#action:name:android.intent.action.VIEW+category:name:android.intent.category.BROWSABLE+category:name:android.intent.category.DEFAULT+data:host:strykepaymerchantapp.co.uk+data:scheme:http+data:scheme:https
ADDED from src\main\AndroidManifest.xml:19:13-25:29
	android:autoVerify
		ADDED from src\main\AndroidManifest.xml:19:28-53
action#android.intent.action.VIEW
ADDED from src\main\AndroidManifest.xml:20:17-69
	android:name
		ADDED from src\main\AndroidManifest.xml:20:25-66
category#android.intent.category.DEFAULT
ADDED from src\main\AndroidManifest.xml:21:17-76
	android:name
		ADDED from src\main\AndroidManifest.xml:21:27-73
category#android.intent.category.BROWSABLE
ADDED from src\main\AndroidManifest.xml:22:17-78
	android:name
		ADDED from src\main\AndroidManifest.xml:22:27-75
data
ADDED from src\main\AndroidManifest.xml:23:17-89
	android:host
		ADDED from src\main\AndroidManifest.xml:23:45-86
	android:scheme
		ADDED from src\main\AndroidManifest.xml:23:23-44
meta-data#io.flutter.embedding.android.NormalTheme
ADDED from src\main\AndroidManifest.xml:26:13-29:17
	android:resource
		ADDED from src\main\AndroidManifest.xml:28:15-52
	android:name
		ADDED from src\main\AndroidManifest.xml:27:15-70
intent-filter#action:name:android.intent.action.MAIN+category:name:android.intent.category.LAUNCHER
ADDED from src\main\AndroidManifest.xml:30:13-33:29
action#android.intent.action.MAIN
ADDED from src\main\AndroidManifest.xml:31:17-68
	android:name
		ADDED from src\main\AndroidManifest.xml:31:25-66
category#android.intent.category.LAUNCHER
ADDED from src\main\AndroidManifest.xml:32:17-76
	android:name
		ADDED from src\main\AndroidManifest.xml:32:27-74
meta-data#flutterEmbedding
ADDED from src\main\AndroidManifest.xml:37:9-39:33
	android:value
		ADDED from src\main\AndroidManifest.xml:39:13-30
	android:name
		ADDED from src\main\AndroidManifest.xml:38:13-44
activity#com.yalantis.ucrop.UCropActivity
ADDED from src\main\AndroidManifest.xml:40:8-43:70
	android:screenOrientation
		ADDED from src\main\AndroidManifest.xml:42:12-48
	android:theme
		ADDED from src\main\AndroidManifest.xml:43:12-68
	android:name
		ADDED from src\main\AndroidManifest.xml:41:12-59
uses-sdk
INJECTED from src\main\AndroidManifest.xml reason: use-sdk injection requested
INJECTED from src\main\AndroidManifest.xml
INJECTED from src\main\AndroidManifest.xml
MERGED from [:device_info_plus] AndroidManifest.xml:5:5-44
MERGED from [:device_info_plus] AndroidManifest.xml:5:5-44
MERGED from [:sqflite] AndroidManifest.xml:5:5-44
MERGED from [:sqflite] AndroidManifest.xml:5:5-44
MERGED from [:camera] AndroidManifest.xml:5:5-44
MERGED from [:camera] AndroidManifest.xml:5:5-44
MERGED from [:image_picker] AndroidManifest.xml:5:5-44
MERGED from [:image_picker] AndroidManifest.xml:5:5-44
MERGED from [:flutter_plugin_android_lifecycle] AndroidManifest.xml:5:5-44
MERGED from [:flutter_plugin_android_lifecycle] AndroidManifest.xml:5:5-44
MERGED from [:qr_code_scanner] AndroidManifest.xml:6:5-8:67
MERGED from [:qr_code_scanner] AndroidManifest.xml:6:5-8:67
MERGED from [:android_alarm_manager_plus] AndroidManifest.xml:5:5-44
MERGED from [:android_alarm_manager_plus] AndroidManifest.xml:5:5-44
MERGED from [:url_launcher] AndroidManifest.xml:5:5-44
MERGED from [:url_launcher] AndroidManifest.xml:5:5-44
MERGED from [:flutter_local_notifications] AndroidManifest.xml:5:5-44
MERGED from [:flutter_local_notifications] AndroidManifest.xml:5:5-44
MERGED from [:image_cropper] AndroidManifest.xml:5:5-44
MERGED from [:image_cropper] AndroidManifest.xml:5:5-44
MERGED from [:connectivity] AndroidManifest.xml:5:5-44
MERGED from [:connectivity] AndroidManifest.xml:5:5-44
MERGED from [:permission_handler] AndroidManifest.xml:5:5-44
MERGED from [:permission_handler] AndroidManifest.xml:5:5-44
MERGED from [:shared_preferences] AndroidManifest.xml:5:5-44
MERGED from [:shared_preferences] AndroidManifest.xml:5:5-44
MERGED from [:uni_links] AndroidManifest.xml:5:5-44
MERGED from [:uni_links] AndroidManifest.xml:5:5-44
MERGED from [:path_provider_android] AndroidManifest.xml:5:5-44
MERGED from [:path_provider_android] AndroidManifest.xml:5:5-44
MERGED from [androidx.databinding:viewbinding:4.2.0] AndroidManifest.xml:20:5-44
MERGED from [androidx.databinding:viewbinding:4.2.0] AndroidManifest.xml:20:5-44
MERGED from [com.github.yalantis:ucrop:2.2.7] AndroidManifest.xml:7:5-9:41
MERGED from [com.github.yalantis:ucrop:2.2.7] AndroidManifest.xml:7:5-9:41
MERGED from [androidx.appcompat:appcompat:1.3.1] AndroidManifest.xml:20:5-22:41
MERGED from [androidx.appcompat:appcompat:1.3.1] AndroidManifest.xml:20:5-22:41
MERGED from [androidx.media:media:1.1.0] AndroidManifest.xml:20:5-22:41
MERGED from [androidx.media:media:1.1.0] AndroidManifest.xml:20:5-22:41
MERGED from [androidx.fragment:fragment:1.3.6] AndroidManifest.xml:20:5-22:41
MERGED from [androidx.fragment:fragment:1.3.6] AndroidManifest.xml:20:5-22:41
MERGED from [androidx.activity:activity:1.2.4] AndroidManifest.xml:20:5-22:41
MERGED from [androidx.activity:activity:1.2.4] AndroidManifest.xml:20:5-22:41
MERGED from [androidx.appcompat:appcompat-resources:1.3.1] AndroidManifest.xml:20:5-22:41
MERGED from [androidx.appcompat:appcompat-resources:1.3.1] AndroidManifest.xml:20:5-22:41
MERGED from [androidx.drawerlayout:drawerlayout:1.0.0] AndroidManifest.xml:20:5-44
MERGED from [androidx.drawerlayout:drawerlayout:1.0.0] AndroidManifest.xml:20:5-44
MERGED from [androidx.transition:transition:1.4.1] AndroidManifest.xml:20:5-22:41
MERGED from [androidx.transition:transition:1.4.1] AndroidManifest.xml:20:5-22:41
MERGED from [androidx.viewpager:viewpager:1.0.0] AndroidManifest.xml:20:5-44
MERGED from [androidx.viewpager:viewpager:1.0.0] AndroidManifest.xml:20:5-44
MERGED from [androidx.loader:loader:1.0.0] AndroidManifest.xml:20:5-44
MERGED from [androidx.loader:loader:1.0.0] AndroidManifest.xml:20:5-44
MERGED from [androidx.vectordrawable:vectordrawable-animated:1.1.0] AndroidManifest.xml:20:5-22:41
MERGED from [androidx.vectordrawable:vectordrawable-animated:1.1.0] AndroidManifest.xml:20:5-22:41
MERGED from [androidx.vectordrawable:vectordrawable:1.1.0] AndroidManifest.xml:20:5-22:41
MERGED from [androidx.vectordrawable:vectordrawable:1.1.0] AndroidManifest.xml:20:5-22:41
MERGED from [androidx.customview:customview:1.0.0] AndroidManifest.xml:20:5-44
MERGED from [androidx.customview:customview:1.0.0] AndroidManifest.xml:20:5-44
MERGED from [androidx.core:core:1.6.0] AndroidManifest.xml:20:5-22:41
MERGED from [androidx.core:core:1.6.0] AndroidManifest.xml:20:5-22:41
MERGED from [androidx.lifecycle:lifecycle-runtime:2.3.1] AndroidManifest.xml:20:5-22:41
MERGED from [androidx.lifecycle:lifecycle-runtime:2.3.1] AndroidManifest.xml:20:5-22:41
MERGED from [androidx.cursoradapter:cursoradapter:1.0.0] AndroidManifest.xml:20:5-44
MERGED from [androidx.cursoradapter:cursoradapter:1.0.0] AndroidManifest.xml:20:5-44
MERGED from [androidx.lifecycle:lifecycle-viewmodel-savedstate:2.3.1] AndroidManifest.xml:20:5-22:41
MERGED from [androidx.lifecycle:lifecycle-viewmodel-savedstate:2.3.1] AndroidManifest.xml:20:5-22:41
MERGED from [androidx.savedstate:savedstate:1.1.0] AndroidManifest.xml:20:5-22:41
MERGED from [androidx.savedstate:savedstate:1.1.0] AndroidManifest.xml:20:5-22:41
MERGED from [androidx.lifecycle:lifecycle-viewmodel:2.3.1] AndroidManifest.xml:20:5-22:41
MERGED from [androidx.lifecycle:lifecycle-viewmodel:2.3.1] AndroidManifest.xml:20:5-22:41
MERGED from [androidx.versionedparcelable:versionedparcelable:1.1.1] AndroidManifest.xml:20:5-22:41
MERGED from [androidx.versionedparcelable:versionedparcelable:1.1.1] AndroidManifest.xml:20:5-22:41
MERGED from [androidx.exifinterface:exifinterface:1.3.2] AndroidManifest.xml:20:5-22:41
MERGED from [androidx.exifinterface:exifinterface:1.3.2] AndroidManifest.xml:20:5-22:41
MERGED from [androidx.lifecycle:lifecycle-livedata:2.0.0] AndroidManifest.xml:20:5-44
MERGED from [androidx.lifecycle:lifecycle-livedata:2.0.0] AndroidManifest.xml:20:5-44
MERGED from [androidx.lifecycle:lifecycle-livedata-core:2.3.1] AndroidManifest.xml:20:5-22:41
MERGED from [androidx.lifecycle:lifecycle-livedata-core:2.3.1] AndroidManifest.xml:20:5-22:41
MERGED from [androidx.arch.core:core-runtime:2.1.0] AndroidManifest.xml:20:5-22:41
MERGED from [androidx.arch.core:core-runtime:2.1.0] AndroidManifest.xml:20:5-22:41
MERGED from [androidx.tracing:tracing:1.0.0] AndroidManifest.xml:20:5-22:41
MERGED from [androidx.tracing:tracing:1.0.0] AndroidManifest.xml:20:5-22:41
MERGED from [androidx.interpolator:interpolator:1.0.0] AndroidManifest.xml:20:5-44
MERGED from [androidx.interpolator:interpolator:1.0.0] AndroidManifest.xml:20:5-44
MERGED from [com.journeyapps:zxing-android-embedded:4.1.0] AndroidManifest.xml:20:5-44
MERGED from [com.journeyapps:zxing-android-embedded:4.1.0] AndroidManifest.xml:20:5-44
MERGED from [com.jakewharton.threetenabp:threetenabp:1.2.3] AndroidManifest.xml:5:5-44
MERGED from [com.jakewharton.threetenabp:threetenabp:1.2.3] AndroidManifest.xml:5:5-44
MERGED from [androidx.annotation:annotation-experimental:1.1.0] AndroidManifest.xml:20:5-22:41
MERGED from [androidx.annotation:annotation-experimental:1.1.0] AndroidManifest.xml:20:5-22:41
INJECTED from src\debug\AndroidManifest.xml
INJECTED from src\debug\AndroidManifest.xml
	tools:overrideLibrary
		ADDED from [:qr_code_scanner] AndroidManifest.xml:8:9-64
	android:targetSdkVersion
		INJECTED from src\main\AndroidManifest.xml
		INJECTED from src\debug\AndroidManifest.xml
	android:minSdkVersion
		INJECTED from src\main\AndroidManifest.xml
		INJECTED from src\debug\AndroidManifest.xml
uses-permission#android.permission.INTERNET
ADDED from src\debug\AndroidManifest.xml:6:5-66
	android:name
		ADDED from src\debug\AndroidManifest.xml:6:22-64
uses-permission#android.permission.CAMERA
ADDED from [:camera] AndroidManifest.xml:7:5-65
MERGED from [com.journeyapps:zxing-android-embedded:4.1.0] AndroidManifest.xml:22:5-65
MERGED from [com.journeyapps:zxing-android-embedded:4.1.0] AndroidManifest.xml:22:5-65
	android:name
		ADDED from [:camera] AndroidManifest.xml:7:22-62
uses-permission#android.permission.RECORD_AUDIO
ADDED from [:camera] AndroidManifest.xml:8:5-71
	android:name
		ADDED from [:camera] AndroidManifest.xml:8:22-68
provider#io.flutter.plugins.imagepicker.ImagePickerFileProvider
ADDED from [:image_picker] AndroidManifest.xml:8:9-16:20
	android:grantUriPermissions
		ADDED from [:image_picker] AndroidManifest.xml:12:13-47
	android:authorities
		ADDED from [:image_picker] AndroidManifest.xml:10:13-74
	android:exported
		ADDED from [:image_picker] AndroidManifest.xml:11:13-37
	android:name
		ADDED from [:image_picker] AndroidManifest.xml:9:13-82
meta-data#android.support.FILE_PROVIDER_PATHS
ADDED from [:image_picker] AndroidManifest.xml:13:13-15:75
	android:resource
		ADDED from [:image_picker] AndroidManifest.xml:15:17-72
	android:name
		ADDED from [:image_picker] AndroidManifest.xml:14:17-67
activity#io.flutter.plugins.urllauncher.WebViewActivity
ADDED from [:url_launcher] AndroidManifest.xml:8:9-11:74
	android:exported
		ADDED from [:url_launcher] AndroidManifest.xml:10:13-37
	android:theme
		ADDED from [:url_launcher] AndroidManifest.xml:11:13-71
	android:name
		ADDED from [:url_launcher] AndroidManifest.xml:9:13-74
uses-permission#android.permission.RECEIVE_BOOT_COMPLETED
ADDED from [:flutter_local_notifications] AndroidManifest.xml:7:5-81
	android:name
		ADDED from [:flutter_local_notifications] AndroidManifest.xml:7:22-78
uses-permission#android.permission.VIBRATE
ADDED from [:flutter_local_notifications] AndroidManifest.xml:8:5-66
	android:name
		ADDED from [:flutter_local_notifications] AndroidManifest.xml:8:22-63
uses-permission#android.permission.USE_FULL_SCREEN_INTENT
ADDED from [:flutter_local_notifications] AndroidManifest.xml:9:5-81
	android:name
		ADDED from [:flutter_local_notifications] AndroidManifest.xml:9:22-78
uses-permission#android.permission.SCHEDULE_EXACT_ALARM
ADDED from [:flutter_local_notifications] AndroidManifest.xml:10:5-79
	android:name
		ADDED from [:flutter_local_notifications] AndroidManifest.xml:10:22-76
receiver#com.dexterous.flutterlocalnotifications.ScheduledNotificationReceiver
ADDED from [:flutter_local_notifications] AndroidManifest.xml:13:9-15:40
	android:exported
		ADDED from [:flutter_local_notifications] AndroidManifest.xml:15:13-37
	android:name
		ADDED from [:flutter_local_notifications] AndroidManifest.xml:14:13-97
receiver#com.dexterous.flutterlocalnotifications.ScheduledNotificationBootReceiver
ADDED from [:flutter_local_notifications] AndroidManifest.xml:16:9-25:20
	android:exported
		ADDED from [:flutter_local_notifications] AndroidManifest.xml:18:13-37
	android:name
		ADDED from [:flutter_local_notifications] AndroidManifest.xml:17:13-101
intent-filter#action:name:android.intent.action.BOOT_COMPLETED+action:name:android.intent.action.MY_PACKAGE_REPLACED+action:name:android.intent.action.QUICKBOOT_POWERON+action:name:com.htc.intent.action.QUICKBOOT_POWERON
ADDED from [:flutter_local_notifications] AndroidManifest.xml:19:13-24:29
action#android.intent.action.BOOT_COMPLETED
ADDED from [:flutter_local_notifications] AndroidManifest.xml:20:17-79
	android:name
		ADDED from [:flutter_local_notifications] AndroidManifest.xml:20:25-76
action#android.intent.action.MY_PACKAGE_REPLACED
ADDED from [:flutter_local_notifications] AndroidManifest.xml:21:17-84
	android:name
		ADDED from [:flutter_local_notifications] AndroidManifest.xml:21:25-81
action#android.intent.action.QUICKBOOT_POWERON
ADDED from [:flutter_local_notifications] AndroidManifest.xml:22:17-82
	android:name
		ADDED from [:flutter_local_notifications] AndroidManifest.xml:22:25-79
action#com.htc.intent.action.QUICKBOOT_POWERON
ADDED from [:flutter_local_notifications] AndroidManifest.xml:23:17-82
	android:name
		ADDED from [:flutter_local_notifications] AndroidManifest.xml:23:25-79
uses-permission#android.permission.ACCESS_NETWORK_STATE
ADDED from [:connectivity] AndroidManifest.xml:7:5-79
	android:name
		ADDED from [:connectivity] AndroidManifest.xml:7:22-76
uses-feature#android.hardware.camera
ADDED from [com.journeyapps:zxing-android-embedded:4.1.0] AndroidManifest.xml:25:5-27:36
	android:required
		ADDED from [com.journeyapps:zxing-android-embedded:4.1.0] AndroidManifest.xml:27:9-33
	android:name
		ADDED from [com.journeyapps:zxing-android-embedded:4.1.0] AndroidManifest.xml:26:9-47
uses-feature#android.hardware.camera.front
ADDED from [com.journeyapps:zxing-android-embedded:4.1.0] AndroidManifest.xml:28:5-30:36
	android:required
		ADDED from [com.journeyapps:zxing-android-embedded:4.1.0] AndroidManifest.xml:30:9-33
	android:name
		ADDED from [com.journeyapps:zxing-android-embedded:4.1.0] AndroidManifest.xml:29:9-53
uses-feature#android.hardware.camera.autofocus
ADDED from [com.journeyapps:zxing-android-embedded:4.1.0] AndroidManifest.xml:33:5-35:36
	android:required
		ADDED from [com.journeyapps:zxing-android-embedded:4.1.0] AndroidManifest.xml:35:9-33
	android:name
		ADDED from [com.journeyapps:zxing-android-embedded:4.1.0] AndroidManifest.xml:34:9-57
uses-feature#android.hardware.camera.flash
ADDED from [com.journeyapps:zxing-android-embedded:4.1.0] AndroidManifest.xml:36:5-38:36
	android:required
		ADDED from [com.journeyapps:zxing-android-embedded:4.1.0] AndroidManifest.xml:38:9-33
	android:name
		ADDED from [com.journeyapps:zxing-android-embedded:4.1.0] AndroidManifest.xml:37:9-53
uses-feature#android.hardware.screen.landscape
ADDED from [com.journeyapps:zxing-android-embedded:4.1.0] AndroidManifest.xml:39:5-41:36
	android:required
		ADDED from [com.journeyapps:zxing-android-embedded:4.1.0] AndroidManifest.xml:41:9-33
	android:name
		ADDED from [com.journeyapps:zxing-android-embedded:4.1.0] AndroidManifest.xml:40:9-57
uses-feature#android.hardware.wifi
ADDED from [com.journeyapps:zxing-android-embedded:4.1.0] AndroidManifest.xml:42:5-44:36
	android:required
		ADDED from [com.journeyapps:zxing-android-embedded:4.1.0] AndroidManifest.xml:44:9-33
	android:name
		ADDED from [com.journeyapps:zxing-android-embedded:4.1.0] AndroidManifest.xml:43:9-45
activity#com.journeyapps.barcodescanner.CaptureActivity
ADDED from [com.journeyapps:zxing-android-embedded:4.1.0] AndroidManifest.xml:47:9-53:63
	android:screenOrientation
		ADDED from [com.journeyapps:zxing-android-embedded:4.1.0] AndroidManifest.xml:50:13-56
	android:clearTaskOnLaunch
		ADDED from [com.journeyapps:zxing-android-embedded:4.1.0] AndroidManifest.xml:49:13-45
	android:stateNotNeeded
		ADDED from [com.journeyapps:zxing-android-embedded:4.1.0] AndroidManifest.xml:51:13-42
	android:windowSoftInputMode
		ADDED from [com.journeyapps:zxing-android-embedded:4.1.0] AndroidManifest.xml:53:13-60
	android:theme
		ADDED from [com.journeyapps:zxing-android-embedded:4.1.0] AndroidManifest.xml:52:13-54
	android:name
		ADDED from [com.journeyapps:zxing-android-embedded:4.1.0] AndroidManifest.xml:48:13-74